Build started 12/3/2015 11:32:29 PM.
     1>Project "C:\Users\Russel\Desktop\Code Name Nova\PrettySimplePong\PrettySimplePong\PrettySimplePong\PrettySimplePong.vcxproj" on node 2 (Build target(s)).
     1>ClCompile:
         C:\Program Files (x86)\Microsoft Visual Studio 12.0\VC\bin\CL.exe /c /I"C:\Program Files\SFML-2.3.2\include" /ZI /nologo /W3 /WX- /sdl /Od /Oy- /D SFML_STATIC /D WIN32 /D _DEBUG /D _CONSOLE /D _LIB /D _UNICODE /D UNICODE /Gm /EHsc /RTC1 /MDd /GS /fp:precise /Zc:wchar_t /Zc:forScope /Fo"Debug\\" /Fd"Debug\vc120.pdb" /Gd /TP /analyze- /errorReport:prompt Ball.cpp main.cpp
         Ball.cpp
     1>c:\users\russel\desktop\code name nova\prettysimplepong\prettysimplepong\prettysimplepong\ball.h(12): warning C4244: 'argument' : conversion from 'const int' to 'float', possible loss of data
     1>c:\users\russel\desktop\code name nova\prettysimplepong\prettysimplepong\prettysimplepong\ball.h(13): warning C4244: 'argument' : conversion from 'const int' to 'float', possible loss of data
     1>c:\users\russel\desktop\code name nova\prettysimplepong\prettysimplepong\prettysimplepong\ball.cpp(11): warning C4244: 'argument' : conversion from 'double' to 'float', possible loss of data
         Generating Code...
         Compiling...
         main.cpp
     1>c:\users\russel\desktop\code name nova\prettysimplepong\prettysimplepong\prettysimplepong\ball.h(12): warning C4244: 'argument' : conversion from 'const int' to 'float', possible loss of data
     1>c:\users\russel\desktop\code name nova\prettysimplepong\prettysimplepong\prettysimplepong\ball.h(13): warning C4244: 'argument' : conversion from 'const int' to 'float', possible loss of data
         Generating Code...
       Link:
         C:\Program Files (x86)\Microsoft Visual Studio 12.0\VC\bin\link.exe /ERRORREPORT:PROMPT /OUT:"C:\Users\Russel\Desktop\Code Name Nova\PrettySimplePong\PrettySimplePong\Debug\PrettySimplePong.exe" /INCREMENTAL /NOLOGO /LIBPATH:"C:\Program Files\SFML-2.3.2\lib" winmm.lib gdi32.lib opengl32.lib freetype.lib jpeg.lib "sfml-graphics-s-d.lib" "sfml-main-d.lib" "sfml-window-s-d.lib" "sfml-system-s-d.lib" kernel32.lib user32.lib gdi32.lib winspool.lib comdlg32.lib advapi32.lib shell32.lib ole32.lib oleaut32.lib uuid.lib odbc32.lib odbccp32.lib kernel32.lib user32.lib gdi32.lib winspool.lib comdlg32.lib advapi32.lib shell32.lib ole32.lib oleaut32.lib uuid.lib odbc32.lib odbccp32.lib /MANIFEST /MANIFESTUAC:"level='asInvoker' uiAccess='false'" /manifest:embed /DEBUG /PDB:"C:\Users\Russel\Desktop\Code Name Nova\PrettySimplePong\PrettySimplePong\Debug\PrettySimplePong.pdb" /SUBSYSTEM:CONSOLE /TLBID:1 /DYNAMICBASE /NXCOMPAT /IMPLIB:"C:\Users\Russel\Desktop\Code Name Nova\PrettySimplePong\PrettySimplePong\Debug\PrettySimplePong.lib" /MACHINE:X86 Debug\Ball.obj
         Debug\IUpdatable.obj
         Debug\main.obj
         PrettySimplePong.vcxproj -> C:\Users\Russel\Desktop\Code Name Nova\PrettySimplePong\PrettySimplePong\Debug\PrettySimplePong.exe
     1>Done Building Project "C:\Users\Russel\Desktop\Code Name Nova\PrettySimplePong\PrettySimplePong\PrettySimplePong\PrettySimplePong.vcxproj" (Build target(s)).

Build succeeded.

Time Elapsed 00:00:01.36
